hyrc_base/build/intermediates/manifest_merge_blame_file/debug/manifest-merger-blame-debug-report.txt
1<?xml version="1.0" encoding="utf-8"?>
2<manifest xmlns:android="http://schemas.android.com/apk/res/android"
3    xmlns:tools="http://schemas.android.com/tools"
4    package="com.lrs.hyrc_base"
5    android:versionCode="1"
6    android:versionName="1.0" >
7
8    <uses-sdk
9        android:minSdkVersion="21"
9-->src\main\AndroidManifest.xml
10        android:targetSdkVersion="28" />
10-->src\main\AndroidManifest.xml
11
12    <uses-permission android:name="android.permission.REQUEST_INSTALL_PACKAGES" />
12-->src\main\AndroidManifest.xml:5:5-83
12-->src\main\AndroidManifest.xml:5:22-80
13    <uses-permission android:name="android.permission.SEND_SMS" />
13-->src\main\AndroidManifest.xml:6:5-67
13-->src\main\AndroidManifest.xml:6:22-64
14    <uses-permission android:name="android.permission.RESTART_PACKAGES" />
14-->src\main\AndroidManifest.xml:7:5-75
14-->src\main\AndroidManifest.xml:7:22-72
15    <uses-permission android:name="android.permission.KILL_BACKGROUND_PROCESSES" />
15-->src\main\AndroidManifest.xml:8:5-84
15-->src\main\AndroidManifest.xml:8:22-81
16    <uses-permission android:name="android.permission.CALL_PHONE" />
16-->src\main\AndroidManifest.xml:9:5-69
16-->src\main\AndroidManifest.xml:9:22-66
17    <uses-permission android:name="android.permission.CAMERA" />
17-->src\main\AndroidManifest.xml:10:5-65
17-->src\main\AndroidManifest.xml:10:22-62
18    <uses-permission android:name="android.permission.CALL_PHONE" />
18-->src\main\AndroidManifest.xml:9:5-69
18-->src\main\AndroidManifest.xml:9:22-66
19    <uses-permission
19-->src\main\AndroidManifest.xml:12:5-14:51
20        android:name="android.permission.MOUNT_UNMOUNT_FILESYSTEMS"
20-->src\main\AndroidManifest.xml:13:13-72
21        tools:ignore="ProtectedPermissions" /> <!-- sharedSDK权限 -->
21-->src\main\AndroidManifest.xml:14:13-48
22    <uses-permission android:name="android.permission.CHANGE_WIFI_STATE" />
22-->src\main\AndroidManifest.xml:15:5-76
22-->src\main\AndroidManifest.xml:15:22-73
23    <uses-permission android:name="android.permission.MANAGE_ACCOUNTS" />
23-->src\main\AndroidManifest.xml:16:5-74
23-->src\main\AndroidManifest.xml:16:22-71
24    <uses-permission android:name="android.permission.GET_ACCOUNTS" /> <!-- 蓝牙分享所需的权限 -->
24-->src\main\AndroidManifest.xml:17:5-71
24-->src\main\AndroidManifest.xml:17:22-68
25    <uses-permission android:name="android.permission.BLUETOOTH" />
25-->src\main\AndroidManifest.xml:18:5-68
25-->src\main\AndroidManifest.xml:18:22-65
26    <uses-permission android:name="android.permission.BLUETOOTH_ADMIN" /> <!-- jpush -->
26-->src\main\AndroidManifest.xml:19:5-74
26-->src\main\AndroidManifest.xml:19:22-71
27    <!-- Required -->
28    <uses-permission android:name="android.permission.RECEIVE_USER_PRESENT" />
28-->src\main\AndroidManifest.xml:21:5-79
28-->src\main\AndroidManifest.xml:21:22-76
29    <uses-permission android:name="android.permission.WAKE_LOCK" />
29-->src\main\AndroidManifest.xml:22:5-68
29-->src\main\AndroidManifest.xml:22:22-65
30    <uses-permission
30-->src\main\AndroidManifest.xml:23:5-25:51
31        android:name="android.permission.WRITE_SETTINGS"
31-->src\main\AndroidManifest.xml:24:13-61
32        tools:ignore="ProtectedPermissions" />
32-->src\main\AndroidManifest.xml:25:13-48
33    <uses-permission android:name="android.permission.VIBRATE" />
33-->src\main\AndroidManifest.xml:26:5-66
33-->src\main\AndroidManifest.xml:26:22-63
34    <uses-permission android:name="android.permission.SYSTEM_ALERT_WINDOW" /> <!-- 用于开启 debug 版本的应用在6.0 系统上 层叠窗口权限 -->
34-->src\main\AndroidManifest.xml:27:5-78
34-->src\main\AndroidManifest.xml:27:22-75
35    <uses-permission android:name="android.permission.ACCESS_COARSE_LOCATION" />
35-->src\main\AndroidManifest.xml:28:5-81
35-->src\main\AndroidManifest.xml:28:22-78
36    <uses-permission android:name="android.permission.ACCESS_LOCATION_EXTRA_COMMANDS" />
36-->src\main\AndroidManifest.xml:29:5-89
36-->src\main\AndroidManifest.xml:29:22-86
37    <uses-permission android:name="android.permission.GET_TASKS" /> <!-- 讯飞语音SKD -->
37-->src\main\AndroidManifest.xml:30:5-68
37-->src\main\AndroidManifest.xml:30:22-65
38    <!-- 连接网络权限，用于执行云端语音能力 -->
39    <uses-permission android:name="android.permission.INTERNET" /> <!-- 获取手机录音机使用权限，听写、识别、语义理解需要用到此权限 -->
39-->src\main\AndroidManifest.xml:32:5-67
39-->src\main\AndroidManifest.xml:32:22-64
40    <uses-permission android:name="android.permission.RECORD_AUDIO" /> <!-- 读取网络信息状态 -->
40-->src\main\AndroidManifest.xml:33:5-71
40-->src\main\AndroidManifest.xml:33:22-68
41    <uses-permission android:name="android.permission.ACCESS_NETWORK_STATE" /> <!-- 获取当前wifi状态 -->
41-->src\main\AndroidManifest.xml:34:5-79
41-->src\main\AndroidManifest.xml:34:22-76
42    <uses-permission android:name="android.permission.ACCESS_WIFI_STATE" /> <!-- 允许程序改变网 络连接状态 -->
42-->src\main\AndroidManifest.xml:35:5-76
42-->src\main\AndroidManifest.xml:35:22-73
43    <uses-permission android:name="android.permission.CHANGE_NETWORK_STATE" /> <!-- 读取手机信息权限 -->
43-->src\main\AndroidManifest.xml:36:5-79
43-->src\main\AndroidManifest.xml:36:22-76
44    <uses-permission android:name="android.permission.READ_PHONE_STATE" /> <!-- 读取联系人权限，上传联系人需要用到此权限 -->
44-->src\main\AndroidManifest.xml:37:5-75
44-->src\main\AndroidManifest.xml:37:22-72
45    <uses-permission android:name="android.permission.READ_CONTACTS" /> <!-- 外存储写权限，构建语法需要用到此权限 -->
45-->src\main\AndroidManifest.xml:38:5-72
45-->src\main\AndroidManifest.xml:38:22-69
46    <uses-permission android:name="android.permission.WRITE_EXTERNAL_STORAGE" /> <!-- 外存储读权限，构建语法需要用到此权限 -->
46-->src\main\AndroidManifest.xml:39:5-81
46-->src\main\AndroidManifest.xml:39:22-78
47    <uses-permission android:name="android.permission.READ_EXTERNAL_STORAGE" /> <!-- 配置权限，用来记录应用配置信息 -->
47-->src\main\AndroidManifest.xml:40:5-80
47-->src\main\AndroidManifest.xml:40:22-77
48    <uses-permission android:name="android.permission.ACCESS_FINE_LOCATION" />
48-->src\main\AndroidManifest.xml:41:5-79
48-->src\main\AndroidManifest.xml:41:22-76
49    <!-- 如需使用人脸识别，还要添加：摄相头权限，拍照需要用到 -->
50    <application android:networkSecurityConfig="@xml/network_security_config" >
50-->src\main\AndroidManifest.xml:44:5-66:19
50-->src\main\AndroidManifest.xml:44:18-78
51        <activity
51-->src\main\AndroidManifest.xml:45:9-60:20
52            android:name="com.lrs.hyrc_base.activity.splash.SplashActivity"
52-->src\main\AndroidManifest.xml:46:17-63
53            android:hardwareAccelerated="false"
53-->src\main\AndroidManifest.xml:47:17-52
54            android:resizeableActivity="true"
54-->src\main\AndroidManifest.xml:48:17-50
55            android:screenOrientation="portrait"
55-->src\main\AndroidManifest.xml:49:17-53
56            android:theme="@style/XUITheme.Launch.Splash" >
56-->src\main\AndroidManifest.xml:50:17-62
57            <meta-data
57-->src\main\AndroidManifest.xml:51:13-53:43
58                android:name="android.max_aspect"
58-->src\main\AndroidManifest.xml:52:21-54
59                android:value="2.4" />
59-->src\main\AndroidManifest.xml:53:21-40
60
61            <intent-filter>
61-->src\main\AndroidManifest.xml:55:13-59:29
62                <action android:name="android.intent.action.MAIN" />
62-->src\main\AndroidManifest.xml:56:17-69
62-->src\main\AndroidManifest.xml:56:25-66
63
64                <category android:name="android.intent.category.LAUNCHER" />
64-->src\main\AndroidManifest.xml:58:17-77
64-->src\main\AndroidManifest.xml:58:27-74
65            </intent-filter>
66        </activity>
67        <activity
67-->src\main\AndroidManifest.xml:61:9-65:55
68            android:name="com.lrs.hyrc_base.activity.splash.countdown.CountDownActivity"
68-->src\main\AndroidManifest.xml:62:17-76
69            android:configChanges="orientation|keyboardHidden|screenSize"
69-->src\main\AndroidManifest.xml:63:17-78
70            android:screenOrientation="portrait"
70-->src\main\AndroidManifest.xml:64:17-53
71            android:theme="@style/AnimActivity" />
71-->src\main\AndroidManifest.xml:65:17-52
72    </application>
73
74</manifest>